<?xml version="1.0" encoding="UTF-8"?>
<testsuite hostname="ghadeer" name="pageTests.HomePageTest" tests="3" failures="2" timestamp="2 Jul 2020 17:57:33 GMT" time="91.69" errors="0">
  <testcase name="TestDrobdownLink" time="0.668" classname="pageTests.HomePageTest"/>
  <testcase name="TestHome" time="0.034" classname="pageTests.HomePageTest">
    <failure type="junit.framework.ComparisonFailure" message="expected:&amp;lt;...&amp;gt; but was:&amp;lt;The...&amp;gt;">
      <![CDATA[junit.framework.ComparisonFailure: expected:<...> but was:<The...>
	at junit.framework.Assert.assertEquals(Assert.java:81)
	at junit.framework.Assert.assertEquals(Assert.java:87)
	at pageTests.HomePageTest.TestHome(HomePageTest.java:32)
... Removed 25 stack frames]]>
    </failure>
  </testcase>
  <testcase name="TestHome" time="0.038" classname="pageTests.HomePageTest">
    <failure type="junit.framework.ComparisonFailure" message="expected:&amp;lt;...&amp;gt; but was:&amp;lt;The...&amp;gt;">
      <![CDATA[junit.framework.ComparisonFailure: expected:<...> but was:<The...>
	at junit.framework.Assert.assertEquals(Assert.java:81)
	at junit.framework.Assert.assertEquals(Assert.java:87)
	at pageTests.HomePageTest.TestHome(HomePageTest.java:32)
... Removed 25 stack frames]]>
    </failure>
  </testcase>
</testsuite>
